g:\daw\oiu\oiu\x64\release\qrc_oiu.obj
g:\daw\oiu\oiu\x64\release\oiu.obj
g:\daw\oiu\oiu\x64\release\newfile.obj
g:\daw\oiu\oiu\x64\release\main.obj
g:\daw\oiu\oiu\generatedfiles\release\moc_oiu.cpp
g:\daw\oiu\oiu\generatedfiles\ui_oiu.h
g:\daw\oiu\oiu\generatedfiles\qrc_oiu.cpp
g:\daw\oiu\oiu\x64\release\oiu.res
g:\daw\oiu\oiu\x64\release\oiu.tlog\cl.command.1.tlog
g:\daw\oiu\oiu\x64\release\oiu.tlog\cl.read.1.tlog
g:\daw\oiu\oiu\x64\release\oiu.tlog\cl.write.1.tlog
g:\daw\oiu\oiu\x64\release\oiu.tlog\custombuild.command.1.tlog
g:\daw\oiu\oiu\x64\release\oiu.tlog\custombuild.read.1.tlog
g:\daw\oiu\oiu\x64\release\oiu.tlog\custombuild.write.1.tlog
g:\daw\oiu\oiu\x64\release\oiu.tlog\link-cvtres.read.1.tlog
g:\daw\oiu\oiu\x64\release\oiu.tlog\link-cvtres.write.1.tlog
g:\daw\oiu\oiu\x64\release\oiu.tlog\link-rc.read.1.tlog
g:\daw\oiu\oiu\x64\release\oiu.tlog\link-rc.write.1.tlog
g:\daw\oiu\oiu\x64\release\oiu.tlog\link.command.1.tlog
g:\daw\oiu\oiu\x64\release\oiu.tlog\link.read.1.tlog
g:\daw\oiu\oiu\x64\release\oiu.tlog\link.write.1.tlog
g:\daw\oiu\oiu\x64\release\oiu.tlog\rc.command.1.tlog
g:\daw\oiu\oiu\x64\release\oiu.tlog\rc.read.1.tlog
g:\daw\oiu\oiu\x64\release\oiu.tlog\rc.write.1.tlog
