g:\daw\oiu\libs\portaudio\build\msvc\x64\release\vc141.pdb
g:\daw\oiu\libs\portaudio\build\msvc\x64\release\pa_win_waveformat.obj
g:\daw\oiu\libs\portaudio\build\msvc\x64\release\pa_win_util.obj
g:\daw\oiu\libs\portaudio\build\msvc\x64\release\pa_win_hostapis.obj
g:\daw\oiu\libs\portaudio\build\msvc\x64\release\pa_win_coinitialize.obj
g:\daw\oiu\libs\portaudio\build\msvc\x64\release\pa_win_wmme.obj
g:\daw\oiu\libs\portaudio\build\msvc\x64\release\pa_win_wdmks.obj
g:\daw\oiu\libs\portaudio\build\msvc\x64\release\pa_win_wasapi.obj
g:\daw\oiu\libs\portaudio\build\msvc\x64\release\pa_hostapi_skeleton.obj
g:\daw\oiu\libs\portaudio\build\msvc\x64\release\pa_win_ds_dynlink.obj
g:\daw\oiu\libs\portaudio\build\msvc\x64\release\pa_win_ds.obj
g:\daw\oiu\libs\portaudio\build\msvc\x64\release\pa_trace.obj
g:\daw\oiu\libs\portaudio\build\msvc\x64\release\pa_stream.obj
g:\daw\oiu\libs\portaudio\build\msvc\x64\release\pa_ringbuffer.obj
g:\daw\oiu\libs\portaudio\build\msvc\x64\release\pa_process.obj
g:\daw\oiu\libs\portaudio\build\msvc\x64\release\pa_front.obj
g:\daw\oiu\libs\portaudio\build\msvc\x64\release\pa_dither.obj
g:\daw\oiu\libs\portaudio\build\msvc\x64\release\pa_debugprint.obj
g:\daw\oiu\libs\portaudio\build\msvc\x64\release\pa_cpuload.obj
g:\daw\oiu\libs\portaudio\build\msvc\x64\release\pa_converters.obj
g:\daw\oiu\libs\portaudio\build\msvc\x64\release\pa_allocation.obj
g:\daw\oiu\libs\portaudio\build\msvc\x64\release\pa_x86_plain_converters.obj
g:\daw\oiu\libs\portaudio\build\msvc\x64\release\pa_win_wdmks_utils.obj
g:\daw\oiu\libs\portaudio\build\msvc\x64\release\pa_asio.obj
g:\daw\oiu\libs\portaudio\build\msvc\x64\release\asiolist.obj
g:\daw\oiu\libs\portaudio\build\msvc\x64\release\asiodrivers.obj
g:\daw\oiu\libs\portaudio\build\msvc\x64\release\asio.obj
g:\daw\oiu\libs\portaudio\build\msvc\x64\release\portaudio_x64.dll
g:\daw\oiu\libs\portaudio\build\msvc\x64\release\portaudio_x64.pdb
g:\daw\oiu\libs\portaudio\build\msvc\x64\release\portaudio_x64.lib
g:\daw\oiu\libs\portaudio\build\msvc\x64\release\portaudio_x64.exp
g:\daw\oiu\libs\portaudio\build\msvc\x64\release\portaudio.tlog\cl.command.1.tlog
g:\daw\oiu\libs\portaudio\build\msvc\x64\release\portaudio.tlog\cl.read.1.tlog
g:\daw\oiu\libs\portaudio\build\msvc\x64\release\portaudio.tlog\cl.write.1.tlog
g:\daw\oiu\libs\portaudio\build\msvc\x64\release\portaudio.tlog\link.command.1.tlog
g:\daw\oiu\libs\portaudio\build\msvc\x64\release\portaudio.tlog\link.read.1.tlog
g:\daw\oiu\libs\portaudio\build\msvc\x64\release\portaudio.tlog\link.write.1.tlog
g:\daw\oiu\libs\portaudio\build\msvc\x64\release\portaudio.tlog\portaudio.write.1u.tlog
